# Push Log for NarcStudy_DrPeterGaied
# Generated by gitfield-sync

[2025-06-02 13:39:46] Radicle: https://app.radicle.xyz/nodes/ash.radicle.garden/rad:z45QC21eWL1F43VSbnV9AZbCZrHQJ
[2025-06-02 13:40:05] GitLab: https://gitlab.com/mrhavens/NarcStudy_DrPeterGaied
[2025-06-02 13:40:31] Bitbucket: https://bitbucket.org/thefoldwithin/NarcStudy_DrPeterGaied
[2025-06-02 13:40:56] GitHub: https://github.com/mrhavens/NarcStudy_DrPeterGaied
[2025-06-02 13:40:56] Radicle: https://app.radicle.xyz/nodes/ash.radicle.garden/rad:z45QC21eWL1F43VSbnV9AZbCZrHQJ
[2025-06-02 13:41:12] GitLab: https://gitlab.com/mrhavens/NarcStudy_DrPeterGaied
[2025-06-02 13:41:31] Bitbucket: https://bitbucket.org/thefoldwithin/NarcStudy_DrPeterGaied
[2025-06-02 13:42:15] GitHub: https://github.com/mrhavens/NarcStudy_DrPeterGaied
[2025-06-02 13:42:15] Radicle: https://app.radicle.xyz/nodes/ash.radicle.garden/rad:z45QC21eWL1F43VSbnV9AZbCZrHQJ
[2025-06-02 13:42:50] GitLab: https://gitlab.com/mrhavens/NarcStudy_DrPeterGaied
[2025-06-02 13:43:07] Bitbucket: https://bitbucket.org/thefoldwithin/NarcStudy_DrPeterGaied
[2025-06-02 13:43:20] GitHub: https://github.com/mrhavens/NarcStudy_DrPeterGaied
[2025-06-02 14:12:51] Radicle: https://app.radicle.xyz/nodes/ash.radicle.garden/rad:z45QC21eWL1F43VSbnV9AZbCZrHQJ
[2025-06-02 14:14:35] GitLab: https://gitlab.com/mrhavens/NarcStudy_DrPeterGaied
[2025-06-02 14:14:47] Bitbucket: https://bitbucket.org/thefoldwithin/NarcStudy_DrPeterGaied
[2025-06-02 14:21:25] Radicle: https://app.radicle.xyz/nodes/ash.radicle.garden/rad:z45QC21eWL1F43VSbnV9AZbCZrHQJ
[2025-06-02 14:21:37] GitLab: https://gitlab.com/mrhavens/NarcStudy_DrPeterGaied
[2025-06-02 14:21:45] Bitbucket: https://bitbucket.org/thefoldwithin/NarcStudy_DrPeterGaied
[2025-06-02 14:24:02] GitHub: https://github.com/mrhavens/NarcStudy_DrPeterGaied
[2025-06-02 14:24:02] Radicle: https://app.radicle.xyz/nodes/ash.radicle.garden/rad:z45QC21eWL1F43VSbnV9AZbCZrHQJ
[2025-06-02 14:24:12] GitLab: https://gitlab.com/mrhavens/NarcStudy_DrPeterGaied
[2025-06-02 14:24:23] Bitbucket: https://bitbucket.org/thefoldwithin/NarcStudy_DrPeterGaied
[2025-06-02 14:24:33] GitHub: https://github.com/mrhavens/NarcStudy_DrPeterGaied
[2025-06-02 14:24:33] Radicle: https://app.radicle.xyz/nodes/ash.radicle.garden/rad:z45QC21eWL1F43VSbnV9AZbCZrHQJ
[2025-06-02 14:24:42] GitLab: https://gitlab.com/mrhavens/NarcStudy_DrPeterGaied
[2025-06-02 14:24:53] Bitbucket: https://bitbucket.org/thefoldwithin/NarcStudy_DrPeterGaied
[2025-06-02 14:25:04] GitHub: https://github.com/mrhavens/NarcStudy_DrPeterGaied
[2025-06-06 12:59:42] Local: 
[2025-06-06 13:11:46] Radicle: RID=rad:z3FEj7rF8gZw9eFksCuiN43qjzrex, Peer ID=z6Mkw5s3ppo26C7y7tGK5MD8n2GqTHS582PPpeX5Xqbu2Mpz
  CLI: rad inspect rad:z3FEj7rF8gZw9eFksCuiN43qjzrex # View project details
  CLI: git ls-tree -r --name-only HEAD # View file structure
[2025-06-06 13:14:17] Forgejo: https://remember.thefoldwithin.earth/mrhavens/NarcStudy_DrPeterGaied
[2025-06-06 13:17:41] GitLab: https://gitlab.com/mrhavens/NarcStudy_DrPeterGaied
[2025-06-06 13:18:14] Bitbucket: https://bitbucket.org/thefoldwithin/NarcStudy_DrPeterGaied
[2025-06-06 13:18:35] GitHub: https://github.com/mrhavens/NarcStudy_DrPeterGaied
[2025-06-06 13:18:36] Local: 
[2025-06-06 13:19:33] Radicle: RID=rad:z3FEj7rF8gZw9eFksCuiN43qjzrex, Peer ID=z6Mkw5s3ppo26C7y7tGK5MD8n2GqTHS582PPpeX5Xqbu2Mpz
  CLI: rad inspect rad:z3FEj7rF8gZw9eFksCuiN43qjzrex # View project details
  CLI: git ls-tree -r --name-only HEAD # View file structure
[2025-06-06 13:19:38] Forgejo: https://remember.thefoldwithin.earth/mrhavens/NarcStudy_DrPeterGaied
[2025-06-06 13:20:02] GitLab: https://gitlab.com/mrhavens/NarcStudy_DrPeterGaied
[2025-06-06 13:20:19] Bitbucket: https://bitbucket.org/thefoldwithin/NarcStudy_DrPeterGaied
[2025-06-06 13:20:38] GitHub: https://github.com/mrhavens/NarcStudy_DrPeterGaied
[2025-06-06 13:20:38] Local: 
[2025-06-06 13:20:55] Radicle: RID=rad:z3FEj7rF8gZw9eFksCuiN43qjzrex, Peer ID=z6Mkw5s3ppo26C7y7tGK5MD8n2GqTHS582PPpeX5Xqbu2Mpz
  CLI: rad inspect rad:z3FEj7rF8gZw9eFksCuiN43qjzrex # View project details
  CLI: git ls-tree -r --name-only HEAD # View file structure
[2025-06-06 13:21:04] Forgejo: https://remember.thefoldwithin.earth/mrhavens/NarcStudy_DrPeterGaied
[2025-06-06 13:21:30] GitLab: https://gitlab.com/mrhavens/NarcStudy_DrPeterGaied
[2025-06-06 13:21:48] Bitbucket: https://bitbucket.org/thefoldwithin/NarcStudy_DrPeterGaied
[2025-06-06 13:22:20] GitHub: https://github.com/mrhavens/NarcStudy_DrPeterGaied
[2025-06-09 14:26:45] Local: 
[2025-06-09 14:27:18] Radicle: RID=rad:z3FEj7rF8gZw9eFksCuiN43qjzrex, Peer ID=z6Mkw5s3ppo26C7y7tGK5MD8n2GqTHS582PPpeX5Xqbu2Mpz
  CLI: rad inspect rad:z3FEj7rF8gZw9eFksCuiN43qjzrex # View project details
  CLI: git ls-tree -r --name-only HEAD # View file structure
